<?xml version="1.0" encoding="UTF-8"?>
<!-- Generated by org.testng.reporters.JUnitReportReporter -->
<testsuite hostname="LAPTOP-77IH5718" failures="0" tests="32" name="AutomatedTesting.CapstoneProject" time="74.912" errors="0" timestamp="2025-01-27T11:50:46 IST" skipped="0">
  <testcase classname="AutomatedTesting.CapstoneProject" name="TitleVerification" time="0.027"/>
  <system-out/>
  <testcase classname="AutomatedTesting.CapstoneProject" name="NavigationMenuVerification" time="0.037"/>
  <system-out/>
  <testcase classname="AutomatedTesting.CapstoneProject" name="HealthProgramsDropDownVerification" time="0.168"/>
  <system-out/>
  <testcase classname="AutomatedTesting.CapstoneProject" name="ServicesDropDownVerification" time="0.114"/>
  <system-out/>
  <testcase classname="AutomatedTesting.CapstoneProject" name="CprDropDownVerification" time="0.095"/>
  <system-out/>
  <testcase classname="AutomatedTesting.CapstoneProject" name="AboutDropDownVerification" time="0.101"/>
  <system-out/>
  <testcase classname="AutomatedTesting.CapstoneProject" name="AboutTextVerification" time="0.031"/>
  <system-out/>
  <testcase classname="AutomatedTesting.CapstoneProject" name="AboutUsLinkVerification" time="0.042"/>
  <system-out/>
  <testcase classname="AutomatedTesting.CapstoneProject" name="ContactUsLinkVerification" time="0.028"/>
  <system-out/>
  <testcase classname="AutomatedTesting.CapstoneProject" name="FacebookLinkVerification" time="0.034"/>
  <system-out/>
  <testcase classname="AutomatedTesting.CapstoneProject" name="QuitTobbaccoLinkVerification" time="0.019"/>
  <system-out/>
  <testcase classname="AutomatedTesting.CapstoneProject" name="HealthyAgingLinkVerification" time="0.036"/>
  <system-out/>
  <testcase classname="AutomatedTesting.CapstoneProject" name="HealthInsuranceLinkVerification" time="0.022"/>
  <system-out/>
  <testcase classname="AutomatedTesting.CapstoneProject" name="AhecScholarsLinkVerification" time="0.033"/>
  <system-out/>
  <testcase classname="AutomatedTesting.CapstoneProject" name="SearchBarFuntionality" time="2.027"/>
  <system-out/>
  <testcase classname="AutomatedTesting.CapstoneProject" name="HealthProgramsFunctionality1" time="1.038"/>
  <system-out/>
  <testcase classname="AutomatedTesting.CapstoneProject" name="HealthProgramsFunctionality2" time="1.012"/>
  <system-out/>
  <testcase classname="AutomatedTesting.CapstoneProject" name="HealthProgramsFunctionality3" time="2.915"/>
  <system-out/>
  <testcase classname="AutomatedTesting.CapstoneProject" name="HealthProgramsFunctionality4" time="1.035"/>
  <system-out/>
  <testcase classname="AutomatedTesting.CapstoneProject" name="HealthProgramsFunctionality" time="4.227"/>
  <system-out/>
  <testcase classname="AutomatedTesting.CapstoneProject" name="ServicesFunctionality" time="3.499"/>
  <system-out/>
  <testcase classname="AutomatedTesting.CapstoneProject" name="AboutFunctionality" time="5.414"/>
  <system-out/>
  <testcase classname="AutomatedTesting.CapstoneProject" name="HealthPrograms_TobaccoContent_Verification" time="1.922"/>
  <system-out/>
  <testcase classname="AutomatedTesting.CapstoneProject" name="HealthPrograms_AHECSCHOLARS_Verification" time="2.710"/>
  <system-out/>
  <testcase classname="AutomatedTesting.CapstoneProject" name="HealthPrograms_HealthyAging_Verification" time="2.383"/>
  <system-out/>
  <testcase classname="AutomatedTesting.CapstoneProject" name="HealthPrograms_CoveringFlorida_Verification" time="5.250"/>
  <system-out/>
  <testcase classname="AutomatedTesting.CapstoneProject" name="Services_CommunityBased_Verification" time="1.308"/>
  <system-out/>
  <testcase classname="AutomatedTesting.CapstoneProject" name="Services_ContinuingEducationServices_Verification" time="1.371"/>
  <system-out/>
  <testcase classname="AutomatedTesting.CapstoneProject" name="UserRegistration" time="5.382"/>
  <system-out/>
  <testcase classname="AutomatedTesting.CapstoneProject" name="UserLogin" time="11.993"/>
  <system-out/>
  <testcase classname="AutomatedTesting.CapstoneProject" name="HealthAgingRegister" time="17.260"/>
  <system-out/>
  <testcase classname="AutomatedTesting.CapstoneProject" name="tobaccoVerification" time="3.379"/>
  <system-out/>
</testsuite> <!-- AutomatedTesting.CapstoneProject -->
